<?xml version="1.0" encoding="UTF-8"?>
<!-- Generated by org.testng.reporters.JUnitXMLReporter -->
<testsuite ignored="0" hostname="LAPTOP-H2SSRVJF" failures="0" tests="6" name="Login Test" time="66.359" errors="0" timestamp="2026-06-06T15:35:25 IST">
  <testcase classname="tests.LoginTestcsv" name="loginTest" time="6.487"/>
  <testcase classname="tests.LoginTestcsv" name="loginTest" time="6.382"/>
  <testcase classname="tests.LoginTestcsv" name="loginTest" time="6.384"/>
  <testcase classname="tests.LoginTestjson" name="loginTest" time="6.269"/>
  <testcase classname="tests.LoginTestjson" name="loginTest" time="6.247"/>
  <testcase classname="tests.LoginTestjson" name="loginTest" time="6.375"/>
</testsuite> <!-- Login Test -->
