<?xml version="1.0" encoding="UTF-8"?>
<!-- Generated by org.testng.reporters.JUnitReportReporter -->
<testsuite hostname="LAPTOP-H2SSRVJF" failures="0" tests="3" name="tests.LoginTestcsv" time="33.839" errors="0" timestamp="2026-06-06T15:35:25 IST" skipped="0">
  <testcase classname="tests.LoginTestcsv" name="loginTest" time="10.755"/>
  <testcase classname="tests.LoginTestcsv" name="loginTest" time="10.855"/>
  <testcase classname="tests.LoginTestcsv" name="loginTest" time="12.229"/>
</testsuite> <!-- tests.LoginTestcsv -->
