<?xml version="1.0" encoding="UTF-8"?>
<!-- Generated by org.testng.reporters.JUnitReportReporter -->
<testsuite hostname="LAPTOP-H2SSRVJF" failures="0" tests="3" name="tests.LoginTestjson" time="32.064" errors="0" timestamp="2026-06-06T15:35:25 IST" skipped="0">
  <testcase classname="tests.LoginTestjson" name="loginTest" time="10.531"/>
  <testcase classname="tests.LoginTestjson" name="loginTest" time="10.476"/>
  <testcase classname="tests.LoginTestjson" name="loginTest" time="11.057"/>
</testsuite> <!-- tests.LoginTestjson -->
