<?xml version="1.0" encoding="UTF-8"?>
<testng-results ignored="0" total="6" passed="6" failed="0" skipped="0">
  <reporter-output>
  </reporter-output>
  <suite started-at="2026-06-06T15:34:18 IST" name="OrangeHRM Data Driven Suite" finished-at="2026-06-06T15:35:25 IST" duration-ms="66359">
    <groups>
    </groups>
    <test started-at="2026-06-06T15:34:18 IST" name="Login Test" finished-at="2026-06-06T15:35:25 IST" duration-ms="66359">
      <class name="tests.LoginTestjson">
        <test-method is-config="true" signature="setup()[pri:0, instance:tests.LoginTestjson@7e990ed7]" started-at="2026-06-06T15:34:52 IST" name="setup" finished-at="2026-06-06T15:34:57 IST" duration-ms="4081" status="PASS">
          <reporter-output>
          </reporter-output>
        </test-method> <!-- setup -->
        <test-method signature="loginTest(java.lang.String,java.lang.String)[pri:0, instance:tests.LoginTestjson@7e990ed7]" started-at="2026-06-06T15:34:57 IST" name="loginTest" data-provider="jsonData" finished-at="2026-06-06T15:35:03 IST" duration-ms="6269" status="PASS">
          <params>
            <param index="0">
              <value>
                <![CDATA[Admin]]>
              </value>
            </param>
            <param index="1">
              <value>
                <![CDATA[admin123]]>
              </value>
            </param>
          </params>
          <reporter-output>
          </reporter-output>
        </test-method> <!-- loginTest -->
        <test-method is-config="true" signature="tearDown()[pri:0, instance:tests.LoginTestjson@7e990ed7]" started-at="2026-06-06T15:35:03 IST" name="tearDown" finished-at="2026-06-06T15:35:03 IST" duration-ms="339" status="PASS">
          <reporter-output>
          </reporter-output>
        </test-method> <!-- tearDown -->
        <test-method is-config="true" signature="setup()[pri:0, instance:tests.LoginTestjson@7e990ed7]" started-at="2026-06-06T15:35:03 IST" name="setup" finished-at="2026-06-06T15:35:07 IST" duration-ms="3998" status="PASS">
          <reporter-output>
          </reporter-output>
        </test-method> <!-- setup -->
        <test-method signature="loginTest(java.lang.String,java.lang.String)[pri:0, instance:tests.LoginTestjson@7e990ed7]" started-at="2026-06-06T15:35:07 IST" name="loginTest" data-provider="jsonData" finished-at="2026-06-06T15:35:13 IST" duration-ms="6247" status="PASS">
          <params>
            <param index="0">
              <value>
                <![CDATA[Admin123]]>
              </value>
            </param>
            <param index="1">
              <value>
                <![CDATA[admin123]]>
              </value>
            </param>
          </params>
          <reporter-output>
          </reporter-output>
        </test-method> <!-- loginTest -->
        <test-method is-config="true" signature="tearDown()[pri:0, instance:tests.LoginTestjson@7e990ed7]" started-at="2026-06-06T15:35:13 IST" name="tearDown" finished-at="2026-06-06T15:35:14 IST" duration-ms="286" status="PASS">
          <reporter-output>
          </reporter-output>
        </test-method> <!-- tearDown -->
        <test-method is-config="true" signature="setup()[pri:0, instance:tests.LoginTestjson@7e990ed7]" started-at="2026-06-06T15:35:14 IST" name="setup" finished-at="2026-06-06T15:35:17 IST" duration-ms="3762" status="PASS">
          <reporter-output>
          </reporter-output>
        </test-method> <!-- setup -->
        <test-method signature="loginTest(java.lang.String,java.lang.String)[pri:0, instance:tests.LoginTestjson@7e990ed7]" started-at="2026-06-06T15:35:17 IST" name="loginTest" data-provider="jsonData" finished-at="2026-06-06T15:35:24 IST" duration-ms="6375" status="PASS">
          <params>
            <param index="0">
              <value>
                <![CDATA[Admin]]>
              </value>
            </param>
            <param index="1">
              <value>
                <![CDATA[wrong123]]>
              </value>
            </param>
          </params>
          <reporter-output>
          </reporter-output>
        </test-method> <!-- loginTest -->
        <test-method is-config="true" signature="tearDown()[pri:0, instance:tests.LoginTestjson@7e990ed7]" started-at="2026-06-06T15:35:24 IST" name="tearDown" finished-at="2026-06-06T15:35:25 IST" duration-ms="707" status="PASS">
          <reporter-output>
          </reporter-output>
        </test-method> <!-- tearDown -->
      </class> <!-- tests.LoginTestjson -->
      <class name="tests.LoginTestcsv">
        <test-method is-config="true" signature="setup()[pri:0, instance:tests.LoginTestcsv@71075444]" started-at="2026-06-06T15:34:18 IST" name="setup" finished-at="2026-06-06T15:34:24 IST" duration-ms="5567" status="PASS">
          <reporter-output>
          </reporter-output>
        </test-method> <!-- setup -->
        <test-method signature="loginTest(java.lang.String,java.lang.String)[pri:0, instance:tests.LoginTestcsv@71075444]" started-at="2026-06-06T15:34:24 IST" name="loginTest" data-provider="csvData" finished-at="2026-06-06T15:34:30 IST" duration-ms="6487" status="PASS">
          <params>
            <param index="0">
              <value>
                <![CDATA["Admin]]>
              </value>
            </param>
            <param index="1">
              <value>
                <![CDATA[admin123"]]>
              </value>
            </param>
          </params>
          <reporter-output>
          </reporter-output>
        </test-method> <!-- loginTest -->
        <test-method is-config="true" signature="tearDown()[pri:0, instance:tests.LoginTestcsv@71075444]" started-at="2026-06-06T15:34:30 IST" name="tearDown" finished-at="2026-06-06T15:34:31 IST" duration-ms="390" status="PASS">
          <reporter-output>
          </reporter-output>
        </test-method> <!-- tearDown -->
        <test-method is-config="true" signature="setup()[pri:0, instance:tests.LoginTestcsv@71075444]" started-at="2026-06-06T15:34:31 IST" name="setup" finished-at="2026-06-06T15:34:35 IST" duration-ms="4083" status="PASS">
          <reporter-output>
          </reporter-output>
        </test-method> <!-- setup -->
        <test-method signature="loginTest(java.lang.String,java.lang.String)[pri:0, instance:tests.LoginTestcsv@71075444]" started-at="2026-06-06T15:34:35 IST" name="loginTest" data-provider="csvData" finished-at="2026-06-06T15:34:41 IST" duration-ms="6382" status="PASS">
          <params>
            <param index="0">
              <value>
                <![CDATA["Admin123]]>
              </value>
            </param>
            <param index="1">
              <value>
                <![CDATA[admin123"]]>
              </value>
            </param>
          </params>
          <reporter-output>
          </reporter-output>
        </test-method> <!-- loginTest -->
        <test-method is-config="true" signature="tearDown()[pri:0, instance:tests.LoginTestcsv@71075444]" started-at="2026-06-06T15:34:41 IST" name="tearDown" finished-at="2026-06-06T15:34:41 IST" duration-ms="278" status="PASS">
          <reporter-output>
          </reporter-output>
        </test-method> <!-- tearDown -->
        <test-method is-config="true" signature="setup()[pri:0, instance:tests.LoginTestcsv@71075444]" started-at="2026-06-06T15:34:41 IST" name="setup" finished-at="2026-06-06T15:34:45 IST" duration-ms="3991" status="PASS">
          <reporter-output>
          </reporter-output>
        </test-method> <!-- setup -->
        <test-method signature="loginTest(java.lang.String,java.lang.String)[pri:0, instance:tests.LoginTestcsv@71075444]" started-at="2026-06-06T15:34:45 IST" name="loginTest" data-provider="csvData" finished-at="2026-06-06T15:34:52 IST" duration-ms="6384" status="PASS">
          <params>
            <param index="0">
              <value>
                <![CDATA["Admin]]>
              </value>
            </param>
            <param index="1">
              <value>
                <![CDATA[wrong123"]]>
              </value>
            </param>
          </params>
          <reporter-output>
          </reporter-output>
        </test-method> <!-- loginTest -->
        <test-method is-config="true" signature="tearDown()[pri:0, instance:tests.LoginTestcsv@71075444]" started-at="2026-06-06T15:34:52 IST" name="tearDown" finished-at="2026-06-06T15:34:52 IST" duration-ms="277" status="PASS">
          <reporter-output>
          </reporter-output>
        </test-method> <!-- tearDown -->
      </class> <!-- tests.LoginTestcsv -->
    </test> <!-- Login Test -->
  </suite> <!-- OrangeHRM Data Driven Suite -->
</testng-results>
