<?xml version="1.0" encoding="UTF-8"?>
<testng-results ignored="0" total="1" passed="1" failed="0" skipped="0">
  <reporter-output>
  </reporter-output>
  <suite started-at="2026-05-19T12:51:00 IST" name="Default suite" finished-at="2026-05-19T12:51:09 IST" duration-ms="8756">
    <groups>
    </groups>
    <test started-at="2026-05-19T12:51:00 IST" name="Default test" finished-at="2026-05-19T12:51:09 IST" duration-ms="8756">
      <class name="SelTtngInteg.LoginTest">
        <test-method is-config="true" signature="setup()[pri:0, instance:SelTtngInteg.LoginTest@5b1669c0]" started-at="2026-05-19T12:51:00 IST" name="setup" finished-at="2026-05-19T12:51:06 IST" duration-ms="6368" status="PASS">
          <reporter-output>
          </reporter-output>
        </test-method> <!-- setup -->
        <test-method signature="loginTest()[pri:0, instance:SelTtngInteg.LoginTest@5b1669c0]" started-at="2026-05-19T12:51:06 IST" name="loginTest" finished-at="2026-05-19T12:51:08 IST" duration-ms="1452" status="PASS">
          <reporter-output>
          </reporter-output>
        </test-method> <!-- loginTest -->
        <test-method is-config="true" signature="tearDown()[pri:0, instance:SelTtngInteg.LoginTest@5b1669c0]" started-at="2026-05-19T12:51:08 IST" name="tearDown" finished-at="2026-05-19T12:51:09 IST" duration-ms="682" status="PASS">
          <reporter-output>
          </reporter-output>
        </test-method> <!-- tearDown -->
      </class> <!-- SelTtngInteg.LoginTest -->
    </test> <!-- Default test -->
  </suite> <!-- Default suite -->
</testng-results>
