<?xml version="1.0" encoding="UTF-8"?>
<!-- Generated by org.testng.reporters.JUnitXMLReporter -->
<testsuite ignored="0" hostname="LAPTOP-H2SSRVJF" failures="0" tests="14" name="User API Test" time="30.859" errors="0" timestamp="2026-05-25T18:26:32 IST">
  <testcase classname="day_28.GetUsers_test" name="getUsers" time="10.018"/>
  <testcase classname="day_28.GetAllUsers_Test" name="getAllUsers" time="1.486"/>
  <testcase classname="day_28.Login_Test" name="loginUser" time="2.836"/>
  <testcase classname="day_28.GetCurrentUser_Test" name="getCurrentUser" time="3.747"/>
  <testcase classname="day_28.SearchUser_Test" name="searchUser" time="0.884"/>
  <testcase classname="day_28.FilterUser_Test" name="filterUser" time="2.053"/>
  <testcase classname="day_28.LimitandSkip_Test" name="getLimitedUsers" time="0.614"/>
  <testcase classname="day_28.SortUsers_Test" name="sortUsers" time="1.035"/>
  <testcase classname="day_28.GetUsersCarts_Test" name="getUserCarts" time="1.725"/>
  <testcase classname="day_28.GetUsersPost_test" name="getUserPosts" time="1.238"/>
  <testcase classname="day_28.GetUserTodos_test" name="getUserPosts" time="0.972"/>
  <testcase classname="day_28.AddNewUser" name="addUser" time="0.531"/>
  <testcase classname="day_28.UpdateUser_Test" name="updateUser" time="1.03"/>
  <testcase classname="day_28.DeleteUser_Test" name="deleteUser" time="2.469"/>
</testsuite> <!-- User API Test -->
