<?xml version="1.0" encoding="UTF-8"?>
<!-- Generated by org.testng.reporters.JUnitReportReporter -->
<testsuite hostname="LAPTOP-H2SSRVJF" failures="0" tests="4" name="usecase_day_26.MultipleLoginTest" time="82.550" errors="0" timestamp="2026-05-22T17:40:00 IST" skipped="0">
  <testcase classname="usecase_day_26.MultipleLoginTest" name="loginTest" time="21.047"/>
  <testcase classname="usecase_day_26.MultipleLoginTest" name="loginTest" time="17.265"/>
  <testcase classname="usecase_day_26.MultipleLoginTest" name="loginTest" time="27.266"/>
  <testcase classname="usecase_day_26.MultipleLoginTest" name="loginTest" time="16.972"/>
</testsuite> <!-- usecase_day_26.MultipleLoginTest -->
