<?xml version="1.0" encoding="UTF-8"?>
<!-- Generated by org.testng.reporters.JUnitReportReporter -->
<testsuite hostname="LAPTOP-H2SSRVJF" failures="0" tests="3" name="TestNg_day_23.Parabank_Register_Test" time="54.861" errors="0" timestamp="2026-05-19T17:04:23 IST" skipped="0">
  <testcase classname="TestNg_day_23.Parabank_Register_Test" name="registrationTest" time="18.660"/>
  <testcase classname="TestNg_day_23.Parabank_Register_Test" name="transferFundsTest" time="28.902"/>
  <testcase classname="TestNg_day_23.Parabank_Register_Test" name="verifyHomePageTitle" time="7.299"/>
</testsuite> <!-- TestNg_day_23.Parabank_Register_Test -->
