<?xml version="1.0" encoding="UTF-8"?>
<!-- Generated by org.testng.reporters.JUnitReportReporter -->
<testsuite hostname="LAPTOP-H2SSRVJF" failures="0" tests="3" name="TestNg_day_23.SauceDemoTest" time="19.642" errors="0" timestamp="2026-05-19T15:32:10 IST" skipped="0">
  <testcase classname="TestNg_day_23.SauceDemoTest" name="verifyLoginPageTitle" time="9.712"/>
  <testcase classname="TestNg_day_23.SauceDemoTest" name="loginTest" time="3.802"/>
  <testcase classname="TestNg_day_23.SauceDemoTest" name="verifyProductPage" time="6.128"/>
</testsuite> <!-- TestNg_day_23.SauceDemoTest -->
